Change Component Designator: OldDesignator=J7 NewDesignator=J2
Change Component Designator: OldDesignator=J11 NewDesignator=J3
Change Component Designator: OldDesignator=R4 NewDesignator=R1
Change Component Designator: OldDesignator=R5 NewDesignator=R2
Change Component Designator: OldDesignator=R6 NewDesignator=R3
Change Component Designator: OldDesignator=R7 NewDesignator=R4
Change Component Designator: OldDesignator=R8 NewDesignator=R5
Change Component Designator: OldDesignator=R9 NewDesignator=R6
Change Net Name : Old Net Name=NetJ11_2 New Net Name=NetJ3_2
Change Net Name : Old Net Name=NetJ11_3 New Net Name=NetJ3_3
Change Net Name : Old Net Name=NetJ11_4 New Net Name=NetJ3_4
Change Net Name : Old Net Name=NetJ11_5 New Net Name=NetJ3_5
Change Net Name : Old Net Name=NetJ11_6 New Net Name=NetJ3_6
Change Net Name : Old Net Name=NetJ11_7 New Net Name=NetJ3_7
Change Net Name : Old Net Name=NetJ11_8 New Net Name=NetJ3_8
Change Net Name : Old Net Name=NetJ11_9 New Net Name=NetJ3_9
Change Net Name : Old Net Name=NetJ11_10 New Net Name=NetJ3_10
Change Net Name : Old Net Name=NetJ11_12 New Net Name=NetJ3_12
Change Net Name : Old Net Name=NetJ11_13 New Net Name=NetJ3_13
Change Net Name : Old Net Name=NetJ11_14 New Net Name=NetJ3_14
Change Net Name : Old Net Name=NetJ11_15 New Net Name=NetJ3_15
Change Net Name : Old Net Name=NetJ11_16 New Net Name=NetJ3_16
Change Net Name : Old Net Name=NetJ11_17 New Net Name=NetJ3_17
Change Net Name : Old Net Name=NetJ11_18 New Net Name=NetJ3_18
Change Net Name : Old Net Name=NetJ11_20 New Net Name=NetJ3_20
Change Net Name : Old Net Name=NetR5_2 New Net Name=NetR2_2
Change Net Name : Old Net Name=NetR7_2 New Net Name=NetR4_2
Change Net Name : Old Net Name=NetR9_2 New Net Name=NetR6_2
Added Room: Name=dtb-218-AW1
