Removed Pin From Net: NetName=GND Pin=J2-1
Removed Pin From Net: NetName=3.3V Pin=J2-3
Removed Pin From Net: NetName=GND Pin=J3-1
Removed Pin From Net: NetName=3.3V Pin=J3-3
Removed Pin From Net: NetName=GND Pin=J4-1
Removed Pin From Net: NetName=3.3V Pin=J4-3
Removed Pin From Net: NetName=GND Pin=J5-1
Removed Pin From Net: NetName=3.3V Pin=J5-3
Removed Pin From Net: NetName=GND Pin=J6-1
Removed Pin From Net: NetName=3.3V Pin=J6-3
Removed Pin From Net: NetName=GND Pin=J8-1
Removed Pin From Net: NetName=3.3V Pin=J8-3
Removed Pin From Net: NetName=3.3V Pin=J12-1
Removed Pin From Net: NetName=GND Pin=J12-11
Removed Pin From Net: NetName=3.3V Pin=R1-1
Removed Pin From Net: NetName=3.3V Pin=R2-1
Removed Pin From Net: NetName=3.3V Pin=R3-1
Removed Pin From Net: NetName=GND Pin=SW1-1
Removed Pin From Net: NetName=GND Pin=SW2-1
Removed Pin From Net: NetName=GND Pin=SW3-1
Removed Pin From Net: NetName=SEL0 Pin=SW4-4
Removed Pin From Net: NetName=SEL1 Pin=SW4-5
Removed Pin From Net: NetName=SEL2 Pin=SW4-6
Removed Pin From Net: NetName=NetJ1_1 Pin=SW5-5
Added Pin To Net: NetName=NetJ1_1 Pin=J11-19
Added Pin To Net: NetName=SEL0 Pin=R4-2
Added Pin To Net: NetName=SEL1 Pin=R6-2
Added Pin To Net: NetName=SEL2 Pin=R8-2
Added Pin To Net: NetName=SEL0 Pin=U4-4
Added Pin To Net: NetName=SEL1 Pin=U5-4
Added Pin To Net: NetName=SEL2 Pin=U6-4
Added Pin To Net: NetName=NetU1_14 Pin=U1-14
Added Net: Name=NetU1_14
Added Class: Name=dtb-218-AW1
Added Room: Name=dtb-218-AW1
